Build started 12/9/2016 8:51:54 PM.
     1>Project "C:\Users\Peter\Documents\GitHub\game-programming-CS3113\SAT_Collision\NYUCodebase\NYUCodebase\NYUCodebase.vcxproj" on node 2 (Build target(s)).
     1>ClCompile:
         C:\Program Files (x86)\Microsoft Visual Studio 12.0\VC\bin\CL.exe /c /IC:\SDL2\include /IC:\SDL2_image\include /IC:\glew\include /IC:\SDL2_mixer\include /ZI /nologo /W3 /WX- /sdl /Od /Oy- /D _WINDOWS /D _MBCS /D _MBCS /Gm /EHsc /RTC1 /MDd /GS /fp:precise /Zc:wchar_t /Zc:forScope /Fo"Debug\\" /Fd"Debug\vc120.pdb" /Gd /TP /analyze- /errorReport:prompt main.cpp
         main.cpp
     1>c:\users\peter\documents\github\game-programming-cs3113\sat_collision\nyucodebase\nyucodebase\main.cpp(55): warning C4018: '<' : signed/unsigned mismatch
     1>c:\users\peter\documents\github\game-programming-cs3113\sat_collision\nyucodebase\nyucodebase\main.cpp(58): warning C4018: '<' : signed/unsigned mismatch
     1>c:\users\peter\documents\github\game-programming-cs3113\sat_collision\nyucodebase\nyucodebase\main.cpp(71): warning C4244: 'initializing' : conversion from 'double' to 'float', possible loss of data
     1>c:\users\peter\documents\github\game-programming-cs3113\sat_collision\nyucodebase\nyucodebase\main.cpp(72): warning C4244: 'initializing' : conversion from 'double' to 'float', possible loss of data
     1>c:\users\peter\documents\github\game-programming-cs3113\sat_collision\nyucodebase\nyucodebase\main.cpp(74): warning C4244: 'initializing' : conversion from 'double' to 'float', possible loss of data
     1>c:\users\peter\documents\github\game-programming-cs3113\sat_collision\nyucodebase\nyucodebase\main.cpp(83): warning C4018: '<' : signed/unsigned mismatch
     1>c:\users\peter\documents\github\game-programming-cs3113\sat_collision\nyucodebase\nyucodebase\main.cpp(100): warning C4018: '<' : signed/unsigned mismatch
     1>c:\users\peter\documents\github\game-programming-cs3113\sat_collision\nyucodebase\nyucodebase\main.cpp(151): warning C4018: '<' : signed/unsigned mismatch
     1>c:\users\peter\documents\github\game-programming-cs3113\sat_collision\nyucodebase\nyucodebase\main.cpp(190): warning C4244: '-=' : conversion from 'double' to 'float', possible loss of data
     1>c:\users\peter\documents\github\game-programming-cs3113\sat_collision\nyucodebase\nyucodebase\main.cpp(191): warning C4244: '-=' : conversion from 'double' to 'float', possible loss of data
     1>c:\users\peter\documents\github\game-programming-cs3113\sat_collision\nyucodebase\nyucodebase\main.cpp(193): warning C4244: '-=' : conversion from 'double' to 'float', possible loss of data
     1>c:\users\peter\documents\github\game-programming-cs3113\sat_collision\nyucodebase\nyucodebase\main.cpp(194): warning C4244: '-=' : conversion from 'double' to 'float', possible loss of data
     1>c:\users\peter\documents\github\game-programming-cs3113\sat_collision\nyucodebase\nyucodebase\main.cpp(226): warning C4305: 'argument' : truncation from 'double' to 'float'
     1>c:\users\peter\documents\github\game-programming-cs3113\sat_collision\nyucodebase\nyucodebase\main.cpp(227): warning C4305: 'argument' : truncation from 'double' to 'float'
     1>c:\users\peter\documents\github\game-programming-cs3113\sat_collision\nyucodebase\nyucodebase\main.cpp(231): warning C4305: 'argument' : truncation from 'double' to 'float'
     1>c:\users\peter\documents\github\game-programming-cs3113\sat_collision\nyucodebase\nyucodebase\main.cpp(232): warning C4305: 'argument' : truncation from 'double' to 'float'
     1>c:\users\peter\documents\github\game-programming-cs3113\sat_collision\nyucodebase\nyucodebase\main.cpp(236): warning C4305: 'argument' : truncation from 'double' to 'float'
     1>c:\users\peter\documents\github\game-programming-cs3113\sat_collision\nyucodebase\nyucodebase\main.cpp(240): warning C4305: 'argument' : truncation from 'double' to 'float'
     1>c:\users\peter\documents\github\game-programming-cs3113\sat_collision\nyucodebase\nyucodebase\main.cpp(268): warning C4244: '+=' : conversion from 'double' to 'float', possible loss of data
     1>c:\users\peter\documents\github\game-programming-cs3113\sat_collision\nyucodebase\nyucodebase\main.cpp(271): warning C4244: '-=' : conversion from 'double' to 'float', possible loss of data
     1>c:\users\peter\documents\github\game-programming-cs3113\sat_collision\nyucodebase\nyucodebase\main.cpp(274): warning C4244: '+=' : conversion from 'double' to 'float', possible loss of data
     1>c:\users\peter\documents\github\game-programming-cs3113\sat_collision\nyucodebase\nyucodebase\main.cpp(277): warning C4244: '-=' : conversion from 'double' to 'float', possible loss of data
       Link:
         C:\Program Files (x86)\Microsoft Visual Studio 12.0\VC\bin\link.exe /ERRORREPORT:PROMPT /OUT:"C:\Users\Peter\Documents\GitHub\game-programming-CS3113\SAT_Collision\NYUCodebase\Debug\NYUCodebase.exe" /INCREMENTAL /NOLOGO /LIBPATH:C:\SDL2_mixer\lib\x86 /LIBPATH:C:\SDL2\lib\x86 /LIBPATH:C:\SDL2_image\lib\x86 /LIBPATH:C:\glew\lib\Release\Win32 SDL2.lib SDL2_mixer.lib glew32.lib SDL2main.lib SDL2_image.lib OpenGL32.lib /MANIFEST /MANIFESTUAC:"level='asInvoker' uiAccess='false'" /manifest:embed /DEBUG /PDB:"C:\Users\Peter\Documents\GitHub\game-programming-CS3113\SAT_Collision\NYUCodebase\Debug\NYUCodebase.pdb" /SUBSYSTEM:WINDOWS /TLBID:1 /DYNAMICBASE /NXCOMPAT /IMPLIB:"C:\Users\Peter\Documents\GitHub\game-programming-CS3113\SAT_Collision\NYUCodebase\Debug\NYUCodebase.lib" /MACHINE:X86 Debug\main.obj
         Debug\Matrix.obj
         Debug\ShaderProgram.obj
         NYUCodebase.vcxproj -> C:\Users\Peter\Documents\GitHub\game-programming-CS3113\SAT_Collision\NYUCodebase\Debug\NYUCodebase.exe
     1>Done Building Project "C:\Users\Peter\Documents\GitHub\game-programming-CS3113\SAT_Collision\NYUCodebase\NYUCodebase\NYUCodebase.vcxproj" (Build target(s)).

Build succeeded.

Time Elapsed 00:00:01.14
